<?xml version="1.0" encoding="UTF-8"?>
<!-- Generated by org.testng.reporters.JUnitReportReporter -->
<testsuite hostname="Raktim" failures="0" tests="1" name="soap.Runner" time="2.183" errors="0" timestamp="2022-04-29T15:42:24 IST" skipped="0">
  <testcase classname="soap.Runner" name="run" time="2.183"/>
  <system-out/>
</testsuite> <!-- soap.Runner -->
