<?xml version="1.0" encoding="UTF-8"?>
<!-- Generated by org.testng.reporters.JUnitReportReporter -->
<testsuite hostname="Raktim" failures="0" tests="1" name="Runner" time="8.794" errors="0" timestamp="2022-02-07T23:55:28 IST" skipped="0">
  <testcase classname="Runner" name="run" time="8.794"/>
  <system-out/>
</testsuite> <!-- Runner -->
