<?xml version="1.0" encoding="UTF-8"?>
<!-- Generated by org.testng.reporters.JUnitReportReporter -->
<testsuite hostname="Raktim" failures="0" tests="1" name="RunByMultipleTestSuite" time="11.156" errors="0" timestamp="2022-02-08T00:28:26 IST" skipped="0">
  <testcase classname="RunByMultipleTestSuite" name="run" time="11.156"/>
  <system-out/>
</testsuite> <!-- RunByMultipleTestSuite -->
