<?xml version="1.0" encoding="UTF-8"?>
<!-- Generated by org.testng.reporters.JUnitReportReporter -->
<testsuite hostname="Raktim" failures="0" tests="1" name="Runner3" time="13.118" errors="0" timestamp="2022-02-08T00:16:31 IST" skipped="0">
  <testcase classname="Runner3" name="run" time="13.118"/>
  <system-out/>
</testsuite> <!-- Runner3 -->
