<?xml version="1.0" encoding="UTF-8"?>
<!-- Generated by org.testng.reporters.JUnitReportReporter -->
<testsuite hostname="Raktim" failures="0" tests="1" name="Runner2" time="10.840" errors="0" timestamp="2022-02-08T00:07:29 IST" skipped="0">
  <testcase classname="Runner2" name="runRestAPI" time="10.840"/>
  <system-out/>
</testsuite> <!-- Runner2 -->
